Compiling the CXX compiler identification source file "CMakeCXXCompilerId.cpp" failed.
Compiler: /homw/gxx/Documents/arm/gcc-linaro-12.2.1-2023.04-x86_64_aarch64-linux-gnu/bin/aarch64-linux-gnu-g++ 
Build flags: 
Id flags:  

The output was:
No such file or directory


Compiling the CXX compiler identification source file "CMakeCXXCompilerId.cpp" failed.
Compiler: /homw/gxx/Documents/arm/gcc-linaro-12.2.1-2023.04-x86_64_aarch64-linux-gnu/bin/aarch64-linux-gnu-g++ 
Build flags: 
Id flags: -c 

The output was:
No such file or directory


Compiling the CXX compiler identification source file "CMakeCXXCompilerId.cpp" failed.
Compiler: /homw/gxx/Documents/arm/gcc-linaro-12.2.1-2023.04-x86_64_aarch64-linux-gnu/bin/aarch64-linux-gnu-g++ 
Build flags: 
Id flags: --c++ 

The output was:
No such file or directory


Compiling the CXX compiler identification source file "CMakeCXXCompilerId.cpp" failed.
Compiler: /homw/gxx/Documents/arm/gcc-linaro-12.2.1-2023.04-x86_64_aarch64-linux-gnu/bin/aarch64-linux-gnu-g++ 
Build flags: 
Id flags: --ec++ 

The output was:
No such file or directory


Compiling the CXX compiler identification source file "CMakeCXXCompilerId.cpp" failed.
Compiler: /homw/gxx/Documents/arm/gcc-linaro-12.2.1-2023.04-x86_64_aarch64-linux-gnu/bin/aarch64-linux-gnu-g++ 
Build flags: 
Id flags:  

The output was:
No such file or directory


Compiling the CXX compiler identification source file "CMakeCXXCompilerId.cpp" failed.
Compiler: /homw/gxx/Documents/arm/gcc-linaro-12.2.1-2023.04-x86_64_aarch64-linux-gnu/bin/aarch64-linux-gnu-g++ 
Build flags: 
Id flags: -c 

The output was:
No such file or directory


Compiling the CXX compiler identification source file "CMakeCXXCompilerId.cpp" failed.
Compiler: /homw/gxx/Documents/arm/gcc-linaro-12.2.1-2023.04-x86_64_aarch64-linux-gnu/bin/aarch64-linux-gnu-g++ 
Build flags: 
Id flags: --c++ 

The output was:
No such file or directory


Compiling the CXX compiler identification source file "CMakeCXXCompilerId.cpp" failed.
Compiler: /homw/gxx/Documents/arm/gcc-linaro-12.2.1-2023.04-x86_64_aarch64-linux-gnu/bin/aarch64-linux-gnu-g++ 
Build flags: 
Id flags: --ec++ 

The output was:
No such file or directory


Checking whether the CXX compiler is IAR using "" did not match "IAR .+ Compiler":
Checking whether the CXX compiler is IAR using "" did not match "IAR .+ Compiler":
Compiling the C compiler identification source file "CMakeCCompilerId.c" failed.
Compiler: /homw/gxx/Documents/arm/gcc-linaro-12.2.1-2023.04-x86_64_aarch64-linux-gnu/bin/aarch64-linux-gnu-gcc 
Build flags: 
Id flags:  

The output was:
No such file or directory


Compiling the C compiler identification source file "CMakeCCompilerId.c" failed.
Compiler: /homw/gxx/Documents/arm/gcc-linaro-12.2.1-2023.04-x86_64_aarch64-linux-gnu/bin/aarch64-linux-gnu-gcc 
Build flags: 
Id flags: -c 

The output was:
No such file or directory


Compiling the C compiler identification source file "CMakeCCompilerId.c" failed.
Compiler: /homw/gxx/Documents/arm/gcc-linaro-12.2.1-2023.04-x86_64_aarch64-linux-gnu/bin/aarch64-linux-gnu-gcc 
Build flags: 
Id flags: -Aa 

The output was:
No such file or directory


Compiling the C compiler identification source file "CMakeCCompilerId.c" failed.
Compiler: /homw/gxx/Documents/arm/gcc-linaro-12.2.1-2023.04-x86_64_aarch64-linux-gnu/bin/aarch64-linux-gnu-gcc 
Build flags: 
Id flags: -D__CLASSIC_C__ 

The output was:
No such file or directory


Compiling the C compiler identification source file "CMakeCCompilerId.c" failed.
Compiler: /homw/gxx/Documents/arm/gcc-linaro-12.2.1-2023.04-x86_64_aarch64-linux-gnu/bin/aarch64-linux-gnu-gcc 
Build flags: 
Id flags:  

The output was:
No such file or directory


Compiling the C compiler identification source file "CMakeCCompilerId.c" failed.
Compiler: /homw/gxx/Documents/arm/gcc-linaro-12.2.1-2023.04-x86_64_aarch64-linux-gnu/bin/aarch64-linux-gnu-gcc 
Build flags: 
Id flags: -c 

The output was:
No such file or directory


Compiling the C compiler identification source file "CMakeCCompilerId.c" failed.
Compiler: /homw/gxx/Documents/arm/gcc-linaro-12.2.1-2023.04-x86_64_aarch64-linux-gnu/bin/aarch64-linux-gnu-gcc 
Build flags: 
Id flags: -Aa 

The output was:
No such file or directory


Compiling the C compiler identification source file "CMakeCCompilerId.c" failed.
Compiler: /homw/gxx/Documents/arm/gcc-linaro-12.2.1-2023.04-x86_64_aarch64-linux-gnu/bin/aarch64-linux-gnu-gcc 
Build flags: 
Id flags: -D__CLASSIC_C__ 

The output was:
No such file or directory


Checking whether the C compiler is IAR using "" did not match "IAR .+ Compiler":
Checking whether the C compiler is IAR using "" did not match "IAR .+ Compiler":
